2025-10-16 07:31:59,718 [Worker-8: Loading available Gradle versions] INFO  o.e.b.c.i.u.g.PublishedGradleVersions - Gradle version information cache is not available. Remote download required.
2025-10-16 07:34:03,194 [Worker-1: Import Getting Started Content] INFO  o.e.m.c.i.l.LifecycleMappingFactory - Using org.eclipse.m2e.jdt.JarLifecycleMapping lifecycle mapping for MavenProject: com.klef:STOREAPI-BACKEND:0.0.1-SNAPSHOT @ D:\2025-26 odd sem\LABEXAM\FULLSTACK\STOREAPI-BACKEND\pom.xml.
2025-10-16 07:34:04,985 [Worker-1: Import Getting Started Content] INFO  o.e.m.j.i.AbstractJavaProjectConfigurator - Adding source folder /STOREAPI-BACKEND/src/main/java
2025-10-16 07:34:04,988 [Worker-1: Import Getting Started Content] INFO  o.e.m.j.i.AbstractJavaProjectConfigurator - Adding resource folder /STOREAPI-BACKEND/src/main/resources
2025-10-16 07:34:05,004 [Worker-1: Import Getting Started Content] INFO  o.e.m.j.i.AbstractJavaProjectConfigurator - Adding resource folder /STOREAPI-BACKEND/src/main/resources
2025-10-16 07:34:05,008 [Worker-1: Import Getting Started Content] INFO  o.e.m.j.i.AbstractJavaProjectConfigurator - Adding source folder /STOREAPI-BACKEND/src/test/java
2025-10-16 07:34:05,009 [Worker-1: Import Getting Started Content] INFO  o.e.m.j.i.AbstractJavaProjectConfigurator - Adding resource folder /STOREAPI-BACKEND/src/test/resources
2025-10-16 07:34:05,977 [Worker-1: Import Getting Started Content] INFO  o.e.m.c.i.p.ProjectConfigurationManager - Imported and configured 1 project(s) in 5 sec
2025-10-16 07:34:05,984 [Worker-1: Import Getting Started Content] INFO  o.e.m.c.i.p.ProjectConfigurationManager - Update started
2025-10-16 07:34:06,444 [Worker-1: Import Getting Started Content] INFO  o.e.m.c.i.l.LifecycleMappingFactory - Using org.eclipse.m2e.jdt.JarLifecycleMapping lifecycle mapping for MavenProject: com.klef:STOREAPI-BACKEND:0.0.1-SNAPSHOT @ D:\2025-26 odd sem\LABEXAM\FULLSTACK\STOREAPI-BACKEND\pom.xml.
2025-10-16 07:34:07,254 [Worker-1: Import Getting Started Content] INFO  o.e.m.j.i.AbstractJavaProjectConfigurator - Adding source folder /STOREAPI-BACKEND/src/main/java
2025-10-16 07:34:07,255 [Worker-1: Import Getting Started Content] INFO  o.e.m.j.i.AbstractJavaProjectConfigurator - Adding resource folder /STOREAPI-BACKEND/src/main/resources
2025-10-16 07:34:07,255 [Worker-1: Import Getting Started Content] INFO  o.e.m.j.i.AbstractJavaProjectConfigurator - Adding resource folder /STOREAPI-BACKEND/src/main/resources
2025-10-16 07:34:07,256 [Worker-1: Import Getting Started Content] INFO  o.e.m.j.i.AbstractJavaProjectConfigurator - Adding source folder /STOREAPI-BACKEND/src/test/java
2025-10-16 07:34:07,257 [Worker-1: Import Getting Started Content] INFO  o.e.m.j.i.AbstractJavaProjectConfigurator - Adding resource folder /STOREAPI-BACKEND/src/test/resources
2025-10-16 07:34:07,971 [Worker-1: Import Getting Started Content] INFO  o.e.m.c.i.p.ProjectConfigurationManager - Update completed for 1 poms: local refresh takes 0.00 sec, refresh facades takes 1.00 sec, update config takes 0.00 sec 
2025-10-16 07:34:10,859 [Worker-5: Building] INFO  o.a.m.s.f.DefaultMavenResourcesFiltering - Copying 1 resource from src\main\resources to target\classes
2025-10-16 07:34:10,939 [Worker-5: Building] INFO  o.a.m.s.f.DefaultMavenResourcesFiltering - Copying 0 resource from src\main\resources to target\classes
2025-10-16 07:34:10,948 [Worker-5: Building] INFO  o.a.m.s.f.DefaultMavenResourcesFiltering - skip non existing resourceDirectory D:\2025-26 odd sem\LABEXAM\FULLSTACK\STOREAPI-BACKEND\src\test\resources
2025-10-16 07:35:58,170 [Worker-12: Building] INFO  o.a.m.s.f.DefaultMavenResourcesFiltering - Copying 1 resource from src\main\resources to target\classes
2025-10-16 07:35:58,175 [Worker-12: Building] INFO  o.a.m.s.f.DefaultMavenResourcesFiltering - Copying 0 resource from src\main\resources to target\classes
2025-10-16 07:35:58,181 [Worker-12: Building] INFO  o.a.m.s.f.DefaultMavenResourcesFiltering - skip non existing resourceDirectory D:\2025-26 odd sem\LABEXAM\FULLSTACK\STOREAPI-BACKEND\src\test\resources
2025-10-16 07:36:51,621 [Worker-8: Building] INFO  o.a.m.s.f.DefaultMavenResourcesFiltering - Copying 1 resource from src\main\resources to target\classes
2025-10-16 07:36:51,631 [Worker-8: Building] INFO  o.a.m.s.f.DefaultMavenResourcesFiltering - Copying 0 resource from src\main\resources to target\classes
2025-10-16 07:36:51,635 [Worker-8: Building] INFO  o.a.m.s.f.DefaultMavenResourcesFiltering - skip non existing resourceDirectory D:\2025-26 odd sem\LABEXAM\FULLSTACK\STOREAPI-BACKEND\src\test\resources
2025-10-16 07:37:03,636 [Worker-8: Building] INFO  o.a.m.s.f.DefaultMavenResourcesFiltering - Copying 1 resource from src\main\resources to target\classes
2025-10-16 07:37:03,641 [Worker-8: Building] INFO  o.a.m.s.f.DefaultMavenResourcesFiltering - Copying 0 resource from src\main\resources to target\classes
2025-10-16 07:37:03,644 [Worker-8: Building] INFO  o.a.m.s.f.DefaultMavenResourcesFiltering - skip non existing resourceDirectory D:\2025-26 odd sem\LABEXAM\FULLSTACK\STOREAPI-BACKEND\src\test\resources
2025-10-16 07:37:07,353 [Worker-8: Building] INFO  o.a.m.s.f.DefaultMavenResourcesFiltering - Copying 1 resource from src\main\resources to target\classes
2025-10-16 07:37:07,359 [Worker-8: Building] INFO  o.a.m.s.f.DefaultMavenResourcesFiltering - Copying 0 resource from src\main\resources to target\classes
2025-10-16 07:37:07,363 [Worker-8: Building] INFO  o.a.m.s.f.DefaultMavenResourcesFiltering - skip non existing resourceDirectory D:\2025-26 odd sem\LABEXAM\FULLSTACK\STOREAPI-BACKEND\src\test\resources
2025-10-16 07:37:41,755 [Worker-8: Building] INFO  o.a.m.s.f.DefaultMavenResourcesFiltering - Copying 1 resource from src\main\resources to target\classes
2025-10-16 07:37:41,761 [Worker-8: Building] INFO  o.a.m.s.f.DefaultMavenResourcesFiltering - Copying 0 resource from src\main\resources to target\classes
2025-10-16 07:37:41,765 [Worker-8: Building] INFO  o.a.m.s.f.DefaultMavenResourcesFiltering - skip non existing resourceDirectory D:\2025-26 odd sem\LABEXAM\FULLSTACK\STOREAPI-BACKEND\src\test\resources
2025-10-16 07:37:50,069 [Worker-13: Building] INFO  o.a.m.s.f.DefaultMavenResourcesFiltering - Copying 1 resource from src\main\resources to target\classes
2025-10-16 07:37:50,085 [Worker-13: Building] INFO  o.a.m.s.f.DefaultMavenResourcesFiltering - Copying 0 resource from src\main\resources to target\classes
2025-10-16 07:37:50,103 [Worker-13: Building] INFO  o.a.m.s.f.DefaultMavenResourcesFiltering - skip non existing resourceDirectory D:\2025-26 odd sem\LABEXAM\FULLSTACK\STOREAPI-BACKEND\src\test\resources
2025-10-16 07:38:09,711 [Worker-13: Building] INFO  o.a.m.s.f.DefaultMavenResourcesFiltering - Copying 1 resource from src\main\resources to target\classes
2025-10-16 07:38:09,719 [Worker-13: Building] INFO  o.a.m.s.f.DefaultMavenResourcesFiltering - Copying 0 resource from src\main\resources to target\classes
2025-10-16 07:38:09,724 [Worker-13: Building] INFO  o.a.m.s.f.DefaultMavenResourcesFiltering - skip non existing resourceDirectory D:\2025-26 odd sem\LABEXAM\FULLSTACK\STOREAPI-BACKEND\src\test\resources
2025-10-16 07:38:29,675 [Worker-8: Building] INFO  o.a.m.s.f.DefaultMavenResourcesFiltering - Copying 1 resource from src\main\resources to target\classes
2025-10-16 07:38:29,684 [Worker-8: Building] INFO  o.a.m.s.f.DefaultMavenResourcesFiltering - Copying 0 resource from src\main\resources to target\classes
2025-10-16 07:38:29,687 [Worker-8: Building] INFO  o.a.m.s.f.DefaultMavenResourcesFiltering - skip non existing resourceDirectory D:\2025-26 odd sem\LABEXAM\FULLSTACK\STOREAPI-BACKEND\src\test\resources
2025-10-16 07:38:57,150 [Worker-12: Building] INFO  o.a.m.s.f.DefaultMavenResourcesFiltering - Copying 1 resource from src\main\resources to target\classes
2025-10-16 07:38:57,159 [Worker-12: Building] INFO  o.a.m.s.f.DefaultMavenResourcesFiltering - Copying 0 resource from src\main\resources to target\classes
2025-10-16 07:38:57,162 [Worker-12: Building] INFO  o.a.m.s.f.DefaultMavenResourcesFiltering - skip non existing resourceDirectory D:\2025-26 odd sem\LABEXAM\FULLSTACK\STOREAPI-BACKEND\src\test\resources
2025-10-16 07:39:12,823 [Worker-16: Building] INFO  o.a.m.s.f.DefaultMavenResourcesFiltering - Copying 1 resource from src\main\resources to target\classes
2025-10-16 07:39:12,823 [Worker-16: Building] INFO  o.a.m.s.f.DefaultMavenResourcesFiltering - Copying 0 resource from src\main\resources to target\classes
2025-10-16 07:39:12,838 [Worker-16: Building] INFO  o.a.m.s.f.DefaultMavenResourcesFiltering - skip non existing resourceDirectory D:\2025-26 odd sem\LABEXAM\FULLSTACK\STOREAPI-BACKEND\src\test\resources
2025-10-16 07:39:59,557 [Worker-12: Building] INFO  o.a.m.s.f.DefaultMavenResourcesFiltering - Copying 1 resource from src\main\resources to target\classes
2025-10-16 07:39:59,564 [Worker-12: Building] INFO  o.a.m.s.f.DefaultMavenResourcesFiltering - Copying 0 resource from src\main\resources to target\classes
2025-10-16 07:39:59,567 [Worker-12: Building] INFO  o.a.m.s.f.DefaultMavenResourcesFiltering - skip non existing resourceDirectory D:\2025-26 odd sem\LABEXAM\FULLSTACK\STOREAPI-BACKEND\src\test\resources
2025-10-16 07:40:27,577 [Worker-13: Building] INFO  o.a.m.s.f.DefaultMavenResourcesFiltering - Copying 1 resource from src\main\resources to target\classes
2025-10-16 07:40:27,581 [Worker-13: Building] INFO  o.a.m.s.f.DefaultMavenResourcesFiltering - Copying 0 resource from src\main\resources to target\classes
2025-10-16 07:40:27,584 [Worker-13: Building] INFO  o.a.m.s.f.DefaultMavenResourcesFiltering - skip non existing resourceDirectory D:\2025-26 odd sem\LABEXAM\FULLSTACK\STOREAPI-BACKEND\src\test\resources
2025-10-16 07:40:57,873 [Worker-18: Updating Maven Project] INFO  o.e.m.c.i.p.ProjectConfigurationManager - Update started
2025-10-16 07:40:58,666 [Worker-18: Updating Maven Project] INFO  o.e.m.c.i.l.LifecycleMappingFactory - Using org.eclipse.m2e.jdt.JarLifecycleMapping lifecycle mapping for MavenProject: com.klef:STOREAPI-BACKEND:0.0.1-SNAPSHOT @ D:\2025-26 odd sem\LABEXAM\FULLSTACK\STOREAPI-BACKEND\pom.xml.
2025-10-16 07:40:59,500 [Worker-18: Updating Maven Project] INFO  o.e.m.j.i.AbstractJavaProjectConfigurator - Adding source folder /STOREAPI-BACKEND/src/main/java
2025-10-16 07:40:59,502 [Worker-18: Updating Maven Project] INFO  o.e.m.j.i.AbstractJavaProjectConfigurator - Adding resource folder /STOREAPI-BACKEND/src/main/resources
2025-10-16 07:40:59,502 [Worker-18: Updating Maven Project] INFO  o.e.m.j.i.AbstractJavaProjectConfigurator - Adding resource folder /STOREAPI-BACKEND/src/main/resources
2025-10-16 07:40:59,503 [Worker-18: Updating Maven Project] INFO  o.e.m.j.i.AbstractJavaProjectConfigurator - Adding source folder /STOREAPI-BACKEND/src/test/java
2025-10-16 07:40:59,503 [Worker-18: Updating Maven Project] INFO  o.e.m.j.i.AbstractJavaProjectConfigurator - Adding resource folder /STOREAPI-BACKEND/src/test/resources
2025-10-16 07:40:59,864 [Worker-18: Updating Maven Project] INFO  o.e.m.c.i.p.ProjectConfigurationManager - Update completed for 1 poms: local refresh takes 0.00 sec, refresh facades takes 1.00 sec, update config takes 0.00 sec 
2025-10-16 07:41:00,347 [Worker-16: Building] INFO  o.a.m.s.f.DefaultMavenResourcesFiltering - Copying 1 resource from src\main\resources to target\classes
2025-10-16 07:41:00,417 [Worker-16: Building] INFO  o.a.m.s.f.DefaultMavenResourcesFiltering - Copying 0 resource from src\main\resources to target\classes
2025-10-16 07:41:00,424 [Worker-16: Building] INFO  o.a.m.s.f.DefaultMavenResourcesFiltering - skip non existing resourceDirectory D:\2025-26 odd sem\LABEXAM\FULLSTACK\STOREAPI-BACKEND\src\test\resources
2025-10-16 07:45:38,865 [Worker-15: Building] INFO  o.e.m.c.i.l.LifecycleMappingFactory - Using org.eclipse.m2e.jdt.JarLifecycleMapping lifecycle mapping for MavenProject: com.klef:STOREAPI-BACKEND:0.0.1-SNAPSHOT @ D:\2025-26 odd sem\LABEXAM\FULLSTACK\STOREAPI-BACKEND\pom.xml.
2025-10-16 07:45:39,671 [Worker-15: Building] INFO  o.a.m.s.f.DefaultMavenResourcesFiltering - Copying 0 resource from src\main\resources to target\classes
2025-10-16 07:45:39,672 [Worker-15: Building] INFO  o.a.m.s.f.DefaultMavenResourcesFiltering - Copying 0 resource from src\main\resources to target\classes
2025-10-16 07:45:39,679 [Worker-15: Building] INFO  o.a.m.s.f.DefaultMavenResourcesFiltering - skip non existing resourceDirectory D:\2025-26 odd sem\LABEXAM\FULLSTACK\STOREAPI-BACKEND\src\test\resources
2025-10-16 07:46:27,137 [Worker-18: Building] INFO  o.e.m.c.i.l.LifecycleMappingFactory - Using org.maven.ide.eclipse.wtp.WarLifecycleMapping lifecycle mapping for MavenProject: com.klef:STOREAPI-BACKEND:0.0.1-SNAPSHOT @ D:\2025-26 odd sem\LABEXAM\FULLSTACK\STOREAPI-BACKEND\pom.xml.
2025-10-16 07:46:28,570 [Worker-18: Building] INFO  o.a.m.s.f.DefaultMavenResourcesFiltering - Copying 0 resource from src\main\resources to target\classes
2025-10-16 07:46:28,571 [Worker-18: Building] INFO  o.a.m.s.f.DefaultMavenResourcesFiltering - Copying 0 resource from src\main\resources to target\classes
2025-10-16 07:46:28,578 [Worker-18: Building] INFO  o.a.m.s.f.DefaultMavenResourcesFiltering - skip non existing resourceDirectory D:\2025-26 odd sem\LABEXAM\FULLSTACK\STOREAPI-BACKEND\src\test\resources
2025-10-16 07:46:28,584 [Worker-18: Building] INFO  o.e.m.w.i.f.ResourceFilteringBuildParticipant - Changed resources require a complete clean of filtered resources of STOREAPI-BACKEND
2025-10-16 07:46:28,587 [Worker-18: Building] INFO  o.e.m.w.i.f.ResourceFilteringBuildParticipant - Executing resource filtering for STOREAPI-BACKEND
2025-10-16 07:46:28,667 [Worker-17: Updating Maven Project] INFO  o.e.m.c.i.p.ProjectConfigurationManager - Update started
2025-10-16 07:46:29,143 [Worker-17: Updating Maven Project] INFO  o.e.m.c.i.l.LifecycleMappingFactory - Using org.maven.ide.eclipse.wtp.WarLifecycleMapping lifecycle mapping for MavenProject: com.klef:STOREAPI-BACKEND:0.0.1-SNAPSHOT @ D:\2025-26 odd sem\LABEXAM\FULLSTACK\STOREAPI-BACKEND\pom.xml.
2025-10-16 07:46:30,241 [Worker-17: Updating Maven Project] INFO  o.e.m.j.i.AbstractJavaProjectConfigurator - Adding source folder /STOREAPI-BACKEND/src/main/java
2025-10-16 07:46:30,242 [Worker-17: Updating Maven Project] INFO  o.e.m.j.i.AbstractJavaProjectConfigurator - Adding resource folder /STOREAPI-BACKEND/src/main/resources
2025-10-16 07:46:30,243 [Worker-17: Updating Maven Project] INFO  o.e.m.j.i.AbstractJavaProjectConfigurator - Adding resource folder /STOREAPI-BACKEND/src/main/resources
2025-10-16 07:46:30,243 [Worker-17: Updating Maven Project] INFO  o.e.m.j.i.AbstractJavaProjectConfigurator - Adding source folder /STOREAPI-BACKEND/src/test/java
2025-10-16 07:46:30,244 [Worker-17: Updating Maven Project] INFO  o.e.m.j.i.AbstractJavaProjectConfigurator - Adding resource folder /STOREAPI-BACKEND/src/test/resources
2025-10-16 07:46:31,644 [Worker-17: Updating Maven Project] INFO  o.e.m.w.i.f.ResourceFilteringBuildParticipant - Cleaning filtered folder for STOREAPI-BACKEND
2025-10-16 07:46:31,734 [Worker-17: Updating Maven Project] INFO  o.e.m.c.i.p.ProjectConfigurationManager - Update completed for 1 poms: local refresh takes 0.00 sec, refresh facades takes 1.00 sec, update config takes 1.00 sec 
2025-10-16 07:46:31,742 [Worker-20: Updating Maven Project] INFO  o.e.m.c.i.p.ProjectConfigurationManager - Update started
2025-10-16 07:46:32,070 [Worker-20: Updating Maven Project] INFO  o.e.m.c.i.l.LifecycleMappingFactory - Using org.maven.ide.eclipse.wtp.WarLifecycleMapping lifecycle mapping for MavenProject: com.klef:STOREAPI-BACKEND:0.0.1-SNAPSHOT @ D:\2025-26 odd sem\LABEXAM\FULLSTACK\STOREAPI-BACKEND\pom.xml.
2025-10-16 07:46:32,773 [Worker-20: Updating Maven Project] INFO  o.e.m.j.i.AbstractJavaProjectConfigurator - Adding source folder /STOREAPI-BACKEND/src/main/java
2025-10-16 07:46:32,774 [Worker-20: Updating Maven Project] INFO  o.e.m.j.i.AbstractJavaProjectConfigurator - Adding resource folder /STOREAPI-BACKEND/src/main/resources
2025-10-16 07:46:32,774 [Worker-20: Updating Maven Project] INFO  o.e.m.j.i.AbstractJavaProjectConfigurator - Adding resource folder /STOREAPI-BACKEND/src/main/resources
2025-10-16 07:46:32,774 [Worker-20: Updating Maven Project] INFO  o.e.m.j.i.AbstractJavaProjectConfigurator - Adding source folder /STOREAPI-BACKEND/src/test/java
2025-10-16 07:46:32,775 [Worker-20: Updating Maven Project] INFO  o.e.m.j.i.AbstractJavaProjectConfigurator - Adding resource folder /STOREAPI-BACKEND/src/test/resources
2025-10-16 07:46:33,486 [Worker-20: Updating Maven Project] INFO  o.e.m.w.i.f.ResourceFilteringBuildParticipant - Cleaning filtered folder for STOREAPI-BACKEND
2025-10-16 07:46:33,515 [Worker-20: Updating Maven Project] INFO  o.e.m.c.i.p.ProjectConfigurationManager - Update completed for 1 poms: local refresh takes 0.00 sec, refresh facades takes 0.00 sec, update config takes 0.00 sec 
2025-10-16 07:46:34,090 [Worker-15: Building] INFO  o.a.m.s.f.DefaultMavenResourcesFiltering - Copying 1 resource from src\main\resources to target\classes
2025-10-16 07:46:34,108 [Worker-15: Building] INFO  o.a.m.s.f.DefaultMavenResourcesFiltering - Copying 0 resource from src\main\resources to target\classes
2025-10-16 07:46:34,114 [Worker-15: Building] INFO  o.a.m.s.f.DefaultMavenResourcesFiltering - skip non existing resourceDirectory D:\2025-26 odd sem\LABEXAM\FULLSTACK\STOREAPI-BACKEND\src\test\resources
2025-10-16 07:46:34,115 [Worker-15: Building] INFO  o.e.m.w.i.f.ResourceFilteringBuildParticipant - Changed resources require a complete clean of filtered resources of STOREAPI-BACKEND
2025-10-16 07:46:34,115 [Worker-15: Building] INFO  o.e.m.w.i.f.ResourceFilteringBuildParticipant - Executing resource filtering for STOREAPI-BACKEND
2025-10-16 07:47:19,506 [Worker-18: Updating Maven Project] INFO  o.e.m.c.i.p.ProjectConfigurationManager - Update started
2025-10-16 07:47:19,843 [Worker-18: Updating Maven Project] INFO  o.e.m.c.i.l.LifecycleMappingFactory - Using org.maven.ide.eclipse.wtp.WarLifecycleMapping lifecycle mapping for MavenProject: com.klef:STOREAPI-BACKEND:0.0.1-SNAPSHOT @ D:\2025-26 odd sem\LABEXAM\FULLSTACK\STOREAPI-BACKEND\pom.xml.
2025-10-16 07:47:20,494 [Worker-18: Updating Maven Project] INFO  o.e.m.j.i.AbstractJavaProjectConfigurator - Adding source folder /STOREAPI-BACKEND/src/main/java
2025-10-16 07:47:20,495 [Worker-18: Updating Maven Project] INFO  o.e.m.j.i.AbstractJavaProjectConfigurator - Adding resource folder /STOREAPI-BACKEND/src/main/resources
2025-10-16 07:47:20,495 [Worker-18: Updating Maven Project] INFO  o.e.m.j.i.AbstractJavaProjectConfigurator - Adding resource folder /STOREAPI-BACKEND/src/main/resources
2025-10-16 07:47:20,496 [Worker-18: Updating Maven Project] INFO  o.e.m.j.i.AbstractJavaProjectConfigurator - Adding source folder /STOREAPI-BACKEND/src/test/java
2025-10-16 07:47:20,496 [Worker-18: Updating Maven Project] INFO  o.e.m.j.i.AbstractJavaProjectConfigurator - Adding resource folder /STOREAPI-BACKEND/src/test/resources
2025-10-16 07:47:21,102 [Worker-18: Updating Maven Project] INFO  o.e.m.w.i.f.ResourceFilteringBuildParticipant - Cleaning filtered folder for STOREAPI-BACKEND
2025-10-16 07:47:21,131 [Worker-18: Updating Maven Project] INFO  o.e.m.c.i.p.ProjectConfigurationManager - Update completed for 1 poms: local refresh takes 0.00 sec, refresh facades takes 0.00 sec, update config takes 0.00 sec 
2025-10-16 07:47:21,549 [Worker-13: Building] INFO  o.a.m.s.f.DefaultMavenResourcesFiltering - Copying 1 resource from src\main\resources to target\classes
2025-10-16 07:47:21,561 [Worker-13: Building] INFO  o.a.m.s.f.DefaultMavenResourcesFiltering - Copying 0 resource from src\main\resources to target\classes
2025-10-16 07:47:21,566 [Worker-13: Building] INFO  o.a.m.s.f.DefaultMavenResourcesFiltering - skip non existing resourceDirectory D:\2025-26 odd sem\LABEXAM\FULLSTACK\STOREAPI-BACKEND\src\test\resources
2025-10-16 07:47:21,566 [Worker-13: Building] INFO  o.e.m.w.i.f.ResourceFilteringBuildParticipant - Changed resources require a complete clean of filtered resources of STOREAPI-BACKEND
2025-10-16 07:47:21,566 [Worker-13: Building] INFO  o.e.m.w.i.f.ResourceFilteringBuildParticipant - Executing resource filtering for STOREAPI-BACKEND
